[2025-06-25 18:50:37] [INFO    ] discord.client: logging in using static token
[2025-06-25 18:50:37] [DEBUG   ] discord.http: GET https://discord.com/api/v10/users/@me with None has returned 200
[2025-06-25 18:50:37] [DEBUG   ] discord.http: GET /users/@me has found its initial rate limit bucket hash (78bb8553d9352a5a2f89f9def401287a).
[2025-06-25 18:50:37] [DEBUG   ] discord.http: GET https://discord.com/api/v10/users/@me has received {'id': '1385237286752354398', 'username': 'DC_BOT_2K25', 'avatar': None, 'discriminator': '0231', 'public_flags': 0, 'flags': 0, 'bot': True, 'banner': None, 'accent_color': None, 'global_name': None, 'avatar_decoration_data': None, 'collectibles': None, 'banner_color': None, 'clan': None, 'primary_guild': None, 'mfa_enabled': False, 'locale': 'en-US', 'premium_type': 0, 'email': None, 'verified': True, 'bio': ''}
[2025-06-25 18:50:38] [DEBUG   ] discord.http: GET https://discord.com/api/v10/oauth2/applications/@me with None has returned 200
[2025-06-25 18:50:38] [DEBUG   ] discord.http: GET /oauth2/applications/@me has found its initial rate limit bucket hash (d28a133af187e91d71d96a223467ce49).
[2025-06-25 18:50:38] [DEBUG   ] discord.http: GET https://discord.com/api/v10/oauth2/applications/@me has received {'id': '1385237286752354398', 'name': 'DC_BOT_2K25', 'icon': None, 'description': '', 'type': None, 'bot': {'id': '1385237286752354398', 'username': 'DC_BOT_2K25', 'avatar': None, 'discriminator': '0231', 'public_flags': 0, 'flags': 0, 'bot': True, 'banner': None, 'accent_color': None, 'global_name': None, 'avatar_decoration_data': None, 'collectibles': None, 'banner_color': None, 'clan': None, 'primary_guild': None}, 'summary': '', 'is_monetized': False, 'is_verified': False, 'is_discoverable': False, 'bot_public': True, 'bot_require_code_grant': False, 'install_params': {'scopes': ['applications.commands'], 'permissions': '0'}, 'integration_types_config': {'0': {'oauth2_install_params': {'scopes': ['applications.commands'], 'permissions': '0'}}, '1': {'oauth2_install_params': {'scopes': ['applications.commands'], 'permissions': '0'}}}, 'verify_key': '5b51185bcc604469516b5b0949b2be54dd87b20e8e90564e914488c8ff8dd28c', 'flags': 557056, 'hook': True, 'storefront_available': False, 'redirect_uris': [], 'interactions_endpoint_url': None, 'role_connections_verification_url': None, 'owner': {'id': '264461087318081536', 'username': 'majkelito9453', 'avatar': '282ba0847d6fed38ee9266b2d34bcbc6', 'discriminator': '0', 'public_flags': 0, 'flags': 0, 'banner': None, 'accent_color': None, 'global_name': 'Majkelito', 'avatar_decoration_data': None, 'collectibles': None, 'banner_color': None, 'clan': None, 'primary_guild': None}, 'approximate_guild_count': 1, 'approximate_user_install_count': 0, 'approximate_user_authorization_count': 0, 'interactions_event_types': [], 'interactions_version': 1, 'explicit_content_filter': 0, 'rpc_application_state': 0, 'store_application_state': 1, 'verification_state': 1, 'integration_public': True, 'integration_require_code_grant': False, 'discoverability_state': 1, 'discovery_eligibility_flags': 224, 'monetization_state': 1, 'verification_eligibility_flags': 91036, 'monetization_eligibility_flags': 181988, 'team': None, 'internal_guild_restriction': 2, 'approved_consoles': []}
[2025-06-25 18:50:38] [DEBUG   ] discord.gateway: Created websocket connected to wss://gateway.discord.gg/
[2025-06-25 18:50:38] [DEBUG   ] discord.gateway: For Shard ID None: WebSocket Event: {'t': None, 's': None, 'op': 10, 'd': {'heartbeat_interval': 41250, '_trace': ['["gateway-prd-us-east1-c-p8j7",{"micros":0.0}]']}}
[2025-06-25 18:50:38] [DEBUG   ] discord.gateway: Shard ID None has sent the IDENTIFY payload.
[2025-06-25 18:50:38] [DEBUG   ] discord.gateway: For Shard ID None: WebSocket Event: {'t': None, 's': None, 'op': 11, 'd': None}
[2025-06-25 18:50:38] [DEBUG   ] discord.gateway: For Shard ID None: WebSocket Event: {'t': 'READY', 's': 1, 'op': 0, 'd': {'v': 10, 'user_settings': {}, 'user': {'verified': True, 'username': 'DC_BOT_2K25', 'primary_guild': None, 'mfa_enabled': False, 'id': '1385237286752354398', 'global_name': None, 'flags': 0, 'email': None, 'discriminator': '0231', 'clan': None, 'bot': True, 'avatar': None}, 'session_type': 'normal', 'session_id': '980af0b21e8ece18cb7696581a533ad7', 'resume_gateway_url': 'wss://gateway-us-east1-c.discord.gg', 'relationships': [], 'private_channels': [], 'presences': [], 'guilds': [{'unavailable': True, 'id': '1385253186536996875'}], 'guild_join_requests': [], 'geo_ordered_rtc_regions': ['warsaw', 'frankfurt', 'frankfurt-two', 'stockholm', 'rotterdam'], 'game_relationships': [], 'auth': {}, 'application': {'id': '1385237286752354398', 'flags': 557056}, '_trace': ['["gateway-prd-us-east1-c-p8j7",{"micros":108594,"calls":["id_created",{"micros":522,"calls":[]},"session_lookup_time",{"micros":329,"calls":[]},"session_lookup_finished",{"micros":14,"calls":[]},"discord-sessions-prd-2-116",{"micros":107364,"calls":["start_session",{"micros":48793,"calls":["discord-api-rpc-f6cbc965d-5r4c9",{"micros":41591,"calls":["get_user",{"micros":6345},"get_guilds",{"micros":6644},"send_scheduled_deletion_message",{"micros":17},"guild_join_requests",{"micros":2},"authorized_ip_coro",{"micros":11},"pending_payments",{"micros":964},"apex_experiments",{"micros":5},"user_activities",{"micros":2},"played_application_ids",{"micros":1}]}]},"starting_guild_connect",{"micros":35,"calls":[]},"presence_started",{"micros":21279,"calls":[]},"guilds_started",{"micros":71,"calls":[]},"lobbies_started",{"micros":1,"calls":[]},"guilds_connect",{"micros":1,"calls":[]},"presence_connect",{"micros":37165,"calls":[]},"connect_finished",{"micros":37169,"calls":[]},"build_ready",{"micros":13,"calls":[]},"clean_ready",{"micros":1,"calls":[]},"optimize_ready",{"micros":0,"calls":[]},"split_ready",{"micros":1,"calls":[]}]}]}]']}}
[2025-06-25 18:50:38] [DEBUG   ] discord.client: Dispatching event socket_event_type
[2025-06-25 18:50:38] [INFO    ] discord.gateway: Shard ID None has connected to Gateway (Session ID: 980af0b21e8ece18cb7696581a533ad7).
[2025-06-25 18:50:38] [DEBUG   ] discord.client: Dispatching event connect
[2025-06-25 18:50:38] [DEBUG   ] discord.gateway: For Shard ID None: WebSocket Event: {'t': 'GUILD_CREATE', 's': 2, 'op': 0, 'd': {'embedded_activities': [], 'max_video_channel_users': 25, 'lazy': True, 'safety_alerts_channel_id': None, 'max_stage_video_channel_users': 50, 'profile': None, 'features': [], 'guild_scheduled_events': [], 'banner': None, 'presences': [], 'id': '1385253186536996875', 'unavailable': False, 'region': 'deprecated', 'name': 'BOT TESTING', 'nsfw_level': 0, 'hub_type': None, 'verification_level': 0, 'afk_timeout': 300, 'explicit_content_filter': 0, 'home_header': None, 'system_channel_id': '1385253187145039895', 'premium_progress_bar_enabled': False, 'threads': [], 'members': [{'user': {'username': 'DC_BOT_2K25', 'public_flags': 0, 'primary_guild': None, 'id': '1385237286752354398', 'global_name': None, 'display_name': None, 'discriminator': '0231', 'collectibles': None, 'bot': True, 'avatar_decoration_data': None, 'avatar': None}, 'roles': ['1385253387364466701'], 'premium_since': None, 'pending': False, 'nick': None, 'mute': False, 'joined_at': '2025-06-19T13:42:24.414000+00:00', 'flags': 0, 'deaf': False, 'communication_disabled_until': None, 'banner': None, 'avatar': None}], 'rules_channel_id': None, 'afk_channel_id': None, 'joined_at': '2025-06-19T13:42:24.414000+00:00', 'soundboard_sounds': [], 'premium_tier': 0, 'description': '', 'roles': [{'version': 1750340496565, 'unicode_emoji': None, 'tags': {}, 'position': 0, 'permissions': '2248473465835073', 'name': '@everyone', 'mentionable': False, 'managed': False, 'id': '1385253186536996875', 'icon': None, 'hoist': False, 'flags': 0, 'colors': {'tertiary_color': None, 'secondary_color': None, 'primary_color': 0}, 'color': 0}, {'version': 1750868430640, 'unicode_emoji': None, 'tags': {'bot_id': '1385237286752354398'}, 'position': 1, 'permissions': '563276639759424', 'name': 'DC_BOT_2K25', 'mentionable': False, 'managed': True, 'id': '1385253387364466701', 'icon': None, 'hoist': False, 'flags': 0, 'colors': {'tertiary_color': None, 'secondary_color': None, 'primary_color': 0}, 'color': 0}, {'version': 1750868430644, 'unicode_emoji': None, 'tags': {}, 'position': 2, 'permissions': '0', 'name': 'Cygan', 'mentionable': False, 'managed': False, 'id': '1387464187168559154', 'icon': None, 'hoist': False, 'flags': 0, 'colors': {'tertiary_color': None, 'secondary_color': None, 'primary_color': 12745742}, 'color': 12745742}], 'splash': None, 'stickers': [], 'moderator_reporting': None, 'activity_instances': [], 'owner_id': '264461087318081536', 'large': False, 'emojis': [], 'latest_onboarding_question_id': None, 'premium_features': None, 'mfa_level': 0, 'max_members': 500000, 'inventory_settings': None, 'incidents_data': None, 'icon': None, 'preferred_locale': 'en-US', 'application_command_counts': {}, 'member_count': 2, 'nsfw': False, 'stage_instances': [], 'premium_subscription_count': 0, 'voice_states': [], 'version': 1750867628553, 'channels': [{'version': 1750340496590, 'type': 4, 'position': 0, 'permission_overwrites': [], 'name': 'KanaÅ‚y tekstowe', 'id': '1385253187145039893', 'flags': 0}, {'version': 1750340496610, 'type': 4, 'position': 0, 'permission_overwrites': [], 'name': 'KanaÅ‚y gÅ‚osowe', 'id': '1385253187145039894', 'flags': 0}, {'version': 1750340496632, 'type': 0, 'topic': None, 'rate_limit_per_user': 0, 'position': 0, 'permission_overwrites': [], 'parent_id': '1385253187145039893', 'name': 'ogÃ³lny', 'last_message_id': '1387468730228805632', 'id': '1385253187145039895', 'icon_emoji': {'name': 'ðŸ‘‹', 'id': None}, 'flags': 0}, {'version': 1750340496649, 'user_limit': 0, 'type': 2, 'rtc_region': None, 'rate_limit_per_user': 0, 'position': 0, 'permission_overwrites': [], 'parent_id': '1385253187145039894', 'name': 'OgÃ³lne', 'last_message_id': None, 'id': '1385253187145039896', 'icon_emoji': {'name': 'ðŸŽ™', 'id': None}, 'flags': 0, 'bitrate': 64000}], 'discovery_splash': None, 'default_message_notifications': 0, 'application_id': None, 'system_channel_flags': 0, 'public_updates_channel_id': None, 'vanity_url_code': None}}
[2025-06-25 18:50:38] [DEBUG   ] discord.client: Dispatching event socket_event_type
[2025-06-25 18:50:38] [DEBUG   ] discord.gateway: For Shard ID None: WebSocket Event: {'t': 'GUILD_MEMBERS_CHUNK', 's': 3, 'op': 0, 'd': {'nonce': '7bb30f5e4c649c266741f171ed6711df', 'members': [{'user': {'username': 'majkelito9453', 'public_flags': 0, 'primary_guild': None, 'id': '264461087318081536', 'global_name': 'Majkelito', 'display_name': 'Majkelito', 'discriminator': '0', 'collectibles': None, 'bot': False, 'avatar_decoration_data': None, 'avatar': '282ba0847d6fed38ee9266b2d34bcbc6'}, 'roles': [], 'premium_since': None, 'pending': False, 'nick': None, 'mute': False, 'joined_at': '2025-06-19T13:41:36.450000+00:00', 'flags': 0, 'deaf': False, 'communication_disabled_until': None, 'banner': None, 'avatar': None}, {'user': {'username': 'DC_BOT_2K25', 'public_flags': 0, 'primary_guild': None, 'id': '1385237286752354398', 'global_name': None, 'display_name': None, 'discriminator': '0231', 'collectibles': None, 'bot': True, 'avatar_decoration_data': None, 'avatar': None}, 'roles': ['1385253387364466701'], 'premium_since': None, 'pending': False, 'nick': None, 'mute': False, 'joined_at': '2025-06-19T13:42:24.414000+00:00', 'flags': 0, 'deaf': False, 'communication_disabled_until': None, 'banner': None, 'avatar': None}], 'guild_id': '1385253186536996875', 'chunk_index': 0, 'chunk_count': 1}}
[2025-06-25 18:50:38] [DEBUG   ] discord.client: Dispatching event socket_event_type
[2025-06-25 18:50:38] [DEBUG   ] discord.state: Processed a chunk for 2 members in guild ID 1385253186536996875.
[2025-06-25 18:50:40] [DEBUG   ] discord.client: Dispatching event guild_available
[2025-06-25 18:50:40] [DEBUG   ] discord.client: Dispatching event ready
[2025-06-25 18:50:49] [DEBUG   ] discord.gateway: For Shard ID None: WebSocket Event: {'t': 'MESSAGE_CREATE', 's': 4, 'op': 0, 'd': {'type': 0, 'tts': False, 'timestamp': '2025-06-25T16:50:49.667000+00:00', 'pinned': False, 'nonce': '1387475131428765696', 'mentions': [], 'mention_roles': [], 'mention_everyone': False, 'member': {'roles': [], 'premium_since': None, 'pending': False, 'nick': None, 'mute': False, 'joined_at': '2025-06-19T13:41:36.450000+00:00', 'flags': 0, 'deaf': False, 'communication_disabled_until': None, 'banner': None, 'avatar': None}, 'id': '1387475132657828010', 'flags': 0, 'embeds': [], 'edited_timestamp': None, 'content': '!assign', 'components': [], 'channel_type': 0, 'channel_id': '1385253187145039895', 'author': {'username': 'majkelito9453', 'public_flags': 0, 'primary_guild': None, 'id': '264461087318081536', 'global_name': 'Majkelito', 'discriminator': '0', 'collectibles': None, 'clan': None, 'avatar_decoration_data': None, 'avatar': '282ba0847d6fed38ee9266b2d34bcbc6'}, 'attachments': [], 'guild_id': '1385253186536996875'}}
[2025-06-25 18:50:49] [DEBUG   ] discord.client: Dispatching event socket_event_type
[2025-06-25 18:50:49] [DEBUG   ] discord.client: Dispatching event message
[2025-06-25 18:50:49] [DEBUG   ] discord.client: Dispatching event command
[2025-06-25 18:50:49] [DEBUG   ] discord.http: PUT https://discord.com/api/v10/guilds/1385253186536996875/members/264461087318081536/roles/1387464187168559154 with None has returned 403
[2025-06-25 18:50:49] [DEBUG   ] discord.http: PUT /guilds/{guild_id}/members/{user_id}/roles/{role_id} has found its initial rate limit bucket hash (b0bb9027ff6ae0c9619c2719f4a24de5).
[2025-06-25 18:50:49] [DEBUG   ] discord.client: Dispatching event command_error
[2025-06-25 18:50:49] [ERROR   ] discord.ext.commands.bot: Ignoring exception in command assign
Traceback (most recent call last):
  File "C:\Users\michu\Documents\GitHub\Discord_Bot2\.venv\Lib\site-packages\discord\ext\commands\core.py", line 235, in wrapped
    ret = await coro(*args, **kwargs)
          ^^^^^^^^^^^^^^^^^^^^^^^^^^^
  File "c:\Users\michu\Documents\GitHub\Discord_Bot2\Discord_Bot\main.py", line 49, in assign
    await ctx.author.add_roles(role)
  File "C:\Users\michu\Documents\GitHub\Discord_Bot2\.venv\Lib\site-packages\discord\member.py", line 1077, in add_roles
    await req(guild_id, user_id, role.id, reason=reason)
  File "C:\Users\michu\Documents\GitHub\Discord_Bot2\.venv\Lib\site-packages\discord\http.py", line 756, in request
    raise Forbidden(response, data)
discord.errors.Forbidden: 403 Forbidden (error code: 50013): Missing Permissions

The above exception was the direct cause of the following exception:

Traceback (most recent call last):
  File "C:\Users\michu\Documents\GitHub\Discord_Bot2\.venv\Lib\site-packages\discord\ext\commands\bot.py", line 1366, in invoke
    await ctx.command.invoke(ctx)
  File "C:\Users\michu\Documents\GitHub\Discord_Bot2\.venv\Lib\site-packages\discord\ext\commands\core.py", line 1029, in invoke
    await injected(*ctx.args, **ctx.kwargs)  # type: ignore
    ^^^^^^^^^^^^^^^^^^^^^^^^^^^^^^^^^^^^^^^
  File "C:\Users\michu\Documents\GitHub\Discord_Bot2\.venv\Lib\site-packages\discord\ext\commands\core.py", line 244, in wrapped
    raise CommandInvokeError(exc) from exc
discord.ext.commands.errors.CommandInvokeError: Command raised an exception: Forbidden: 403 Forbidden (error code: 50013): Missing Permissions
[2025-06-25 18:50:55] [DEBUG   ] discord.gateway: For Shard ID None: WebSocket Event: {'t': 'MESSAGE_CREATE', 's': 5, 'op': 0, 'd': {'type': 0, 'tts': False, 'timestamp': '2025-06-25T16:50:55.435000+00:00', 'pinned': False, 'nonce': '1387475155508264960', 'mentions': [], 'mention_roles': [], 'mention_everyone': False, 'member': {'roles': [], 'premium_since': None, 'pending': False, 'nick': None, 'mute': False, 'joined_at': '2025-06-19T13:41:36.450000+00:00', 'flags': 0, 'deaf': False, 'communication_disabled_until': None, 'banner': None, 'avatar': None}, 'id': '1387475156850577629', 'flags': 0, 'embeds': [], 'edited_timestamp': None, 'content': 'shit', 'components': [], 'channel_type': 0, 'channel_id': '1385253187145039895', 'author': {'username': 'majkelito9453', 'public_flags': 0, 'primary_guild': None, 'id': '264461087318081536', 'global_name': 'Majkelito', 'discriminator': '0', 'collectibles': None, 'clan': None, 'avatar_decoration_data': None, 'avatar': '282ba0847d6fed38ee9266b2d34bcbc6'}, 'attachments': [], 'guild_id': '1385253186536996875'}}
[2025-06-25 18:50:55] [DEBUG   ] discord.client: Dispatching event socket_event_type
[2025-06-25 18:50:55] [DEBUG   ] discord.client: Dispatching event message
[2025-06-25 18:50:55] [DEBUG   ] discord.gateway: For Shard ID None: WebSocket Event: {'t': 'MESSAGE_DELETE', 's': 6, 'op': 0, 'd': {'id': '1387475156850577629', 'channel_id': '1385253187145039895', 'guild_id': '1385253186536996875'}}
[2025-06-25 18:50:55] [DEBUG   ] discord.client: Dispatching event socket_event_type
[2025-06-25 18:50:55] [DEBUG   ] discord.client: Dispatching event raw_message_delete
[2025-06-25 18:50:55] [DEBUG   ] discord.client: Dispatching event message_delete
[2025-06-25 18:50:55] [DEBUG   ] discord.http: DELETE https://discord.com/api/v10/channels/1385253187145039895/messages/1387475156850577629 with None has returned 204
[2025-06-25 18:50:55] [DEBUG   ] discord.http: DELETE /channels/{channel_id}/messages/{message_id}:sub-10-seconds has found its initial rate limit bucket hash (3df15bae86f6647dd4dfcbd5c6949480).
[2025-06-25 18:50:55] [DEBUG   ] discord.http: DELETE https://discord.com/api/v10/channels/1385253187145039895/messages/1387475156850577629 has received 
[2025-06-25 18:50:56] [DEBUG   ] discord.gateway: For Shard ID None: WebSocket Event: {'t': 'MESSAGE_CREATE', 's': 7, 'op': 0, 'd': {'type': 0, 'tts': False, 'timestamp': '2025-06-25T16:50:56.103000+00:00', 'pinned': False, 'nonce': '11191172139676291047', 'mentions': [{'username': 'majkelito9453', 'public_flags': 0, 'primary_guild': None, 'member': {'roles': [], 'premium_since': None, 'pending': False, 'nick': None, 'mute': False, 'joined_at': '2025-06-19T13:41:36.450000+00:00', 'flags': 0, 'deaf': False, 'communication_disabled_until': None, 'banner': None, 'avatar': None}, 'id': '264461087318081536', 'global_name': 'Majkelito', 'discriminator': '0', 'collectibles': None, 'clan': None, 'avatar_decoration_data': None, 'avatar': '282ba0847d6fed38ee9266b2d34bcbc6'}], 'mention_roles': [], 'mention_everyone': False, 'member': {'roles': ['1385253387364466701'], 'premium_since': None, 'pending': False, 'nick': None, 'mute': False, 'joined_at': '2025-06-19T13:42:24.414000+00:00', 'flags': 0, 'deaf': False, 'communication_disabled_until': None, 'banner': None, 'avatar': None}, 'id': '1387475159652368565', 'flags': 0, 'embeds': [], 'edited_timestamp': None, 'content': "<@264461087318081536> - don't use that word nigger!", 'components': [], 'channel_type': 0, 'channel_id': '1385253187145039895', 'author': {'username': 'DC_BOT_2K25', 'public_flags': 0, 'primary_guild': None, 'id': '1385237286752354398', 'global_name': None, 'discriminator': '0231', 'collectibles': None, 'clan': None, 'bot': True, 'avatar_decoration_data': None, 'avatar': None}, 'attachments': [], 'guild_id': '1385253186536996875'}}
[2025-06-25 18:50:56] [DEBUG   ] discord.client: Dispatching event socket_event_type
[2025-06-25 18:50:56] [DEBUG   ] discord.client: Dispatching event message
[2025-06-25 18:50:56] [DEBUG   ] discord.http: POST https://discord.com/api/v10/channels/1385253187145039895/messages with {"content":"<@264461087318081536> - don't use that word nigger!","components":[],"nonce":"11191172139676291047","enforce_nonce":true,"tts":false} has returned 200
[2025-06-25 18:50:56] [DEBUG   ] discord.http: POST /channels/{channel_id}/messages has found its initial rate limit bucket hash (3df15bae86f6647dd4dfcbd5c6949480).
[2025-06-25 18:50:56] [DEBUG   ] discord.http: POST https://discord.com/api/v10/channels/1385253187145039895/messages has received {'type': 0, 'content': "<@264461087318081536> - don't use that word nigger!", 'mentions': [{'id': '264461087318081536', 'username': 'majkelito9453', 'avatar': '282ba0847d6fed38ee9266b2d34bcbc6', 'discriminator': '0', 'public_flags': 0, 'flags': 0, 'banner': None, 'accent_color': None, 'global_name': 'Majkelito', 'avatar_decoration_data': None, 'collectibles': None, 'banner_color': None, 'clan': None, 'primary_guild': None}], 'mention_roles': [], 'attachments': [], 'embeds': [], 'timestamp': '2025-06-25T16:50:56.103000+00:00', 'edited_timestamp': None, 'flags': 0, 'components': [], 'id': '1387475159652368565', 'channel_id': '1385253187145039895', 'author': {'id': '1385237286752354398', 'username': 'DC_BOT_2K25', 'avatar': None, 'discriminator': '0231', 'public_flags': 0, 'flags': 0, 'bot': True, 'banner': None, 'accent_color': None, 'global_name': None, 'avatar_decoration_data': None, 'collectibles': None, 'banner_color': None, 'clan': None, 'primary_guild': None}, 'pinned': False, 'mention_everyone': False, 'tts': False, 'nonce': '11191172139676291047'}
[2025-06-25 18:51:19] [DEBUG   ] discord.gateway: Keeping shard ID None websocket alive with sequence 7.
[2025-06-25 18:51:19] [DEBUG   ] discord.gateway: For Shard ID None: WebSocket Event: {'t': None, 's': None, 'op': 11, 'd': None}
[2025-06-25 18:52:00] [DEBUG   ] discord.gateway: Keeping shard ID None websocket alive with sequence 7.
[2025-06-25 18:52:01] [DEBUG   ] discord.gateway: For Shard ID None: WebSocket Event: {'t': None, 's': None, 'op': 11, 'd': None}
[2025-06-25 18:52:42] [DEBUG   ] discord.gateway: Keeping shard ID None websocket alive with sequence 7.
[2025-06-25 18:52:42] [DEBUG   ] discord.gateway: For Shard ID None: WebSocket Event: {'t': None, 's': None, 'op': 11, 'd': None}
